<?xml version="1.0" encoding="UTF-8"?>
<testsuite name="Academy Choucair" tests="1" skipped="0" failures="0" errors="0" timestamp="2021-01-16T20:57:31" hostname="DESKTOP-LLB4TD8" time="25.36">
  <properties/>
  <testcase name="Search for automation course" classname="Academy Choucair" time="25.36"/>
  <system-out><![CDATA[]]></system-out>
  <system-err><![CDATA[[Test worker] WARN net.thucydides.core.steps.BaseStepListener - stepStarted: net.thucydides.core.steps.ExecutedStepDescription@5e29979c
[Test worker] WARN net.thucydides.core.steps.BaseStepListener - stepStarted: net.thucydides.core.steps.ExecutedStepDescription@c58e5cf
[Test worker] WARN net.thucydides.core.steps.BaseStepListener - stepStarted: net.thucydides.core.steps.ExecutedStepDescription@7288b71c
ene 16, 2021 3:57:31 PM org.openqa.selenium.remote.DesiredCapabilities chrome
INFORMACIÓN: Using `new ChromeOptions()` is preferred to `DesiredCapabilities.chrome()`
[Test worker] INFO net.serenitybdd.core.webdriver.driverproviders.ProvideNewDriver - Instantiating driver
[Test worker] INFO net.serenitybdd.core.webdriver.driverproviders.ProvideNewDriver - Driver capabilities: Capabilities {acceptInsecureCerts: false, browserName: chrome, chrome.switches: --start-maximized, goog:chromeOptions: {args: [--start-maximized], extensions: []}, loggingPrefs: org.openqa.selenium.logging..., platform: ANY, version: }
Starting ChromeDriver 87.0.4280.88 (89e2380a3e36c3464b5dd1302349b1382549290d-refs/branch-heads/4280@{#1761}) on port 37935
Only local connections are allowed.
Please see https://chromedriver.chromium.org/security-considerations for suggestions on keeping ChromeDriver safe.
ChromeDriver was started successfully.
ene 16, 2021 3:57:36 PM org.openqa.selenium.remote.ProtocolHandshake createSession
INFORMACIÓN: Detected dialect: W3C
[Test worker] WARN net.thucydides.core.steps.BaseStepListener - stepFinished: current outcome:Search for automation course:Given than Amir wants to learn automation at the academy Choucair
| strUser | strPassword |
| 1077462807 | Choucair2021* | [Amir open up [Amir opens the Choucair academy page]]
[Test worker] WARN net.thucydides.core.steps.BaseStepListener - stepFinished: current outcome:Search for automation course:Given than Amir wants to learn automation at the academy Choucair
| strUser | strPassword |
| 1077462807 | Choucair2021* | [Amir open up [Amir opens the Choucair academy page]]
[Test worker] WARN net.thucydides.core.steps.BaseStepListener - stepStarted: net.thucydides.core.steps.ExecutedStepDescription@2357191c
[Test worker] WARN net.thucydides.core.steps.BaseStepListener - stepStarted: net.thucydides.core.steps.ExecutedStepDescription@6d5da9b6
[Test worker] WARN net.thucydides.core.steps.BaseStepListener - stepFinished: current outcome:Search for automation course:Given than Amir wants to learn automation at the academy Choucair
| strUser | strPassword |
| 1077462807 | Choucair2021* | [Amir open up [Amir opens the Choucair academy page], Amir login [Amir clicks on Button that shows us the form to login]]
[Test worker] WARN net.thucydides.core.steps.BaseStepListener - stepStarted: net.thucydides.core.steps.ExecutedStepDescription@1a1f2b2
[Test worker] WARN net.thucydides.core.steps.BaseStepListener - stepFinished: current outcome:Search for automation course:Given than Amir wants to learn automation at the academy Choucair
| strUser | strPassword |
| 1077462807 | Choucair2021* | [Amir open up [Amir opens the Choucair academy page], Amir login [Amir clicks on Button that shows us the form to login, Amir enters '1077462807' into where do we write the user]]
[Test worker] WARN net.thucydides.core.steps.BaseStepListener - stepStarted: net.thucydides.core.steps.ExecutedStepDescription@5f88fea4
[Test worker] WARN net.thucydides.core.steps.BaseStepListener - stepFinished: current outcome:Search for automation course:Given than Amir wants to learn automation at the academy Choucair
| strUser | strPassword |
| 1077462807 | Choucair2021* | [Amir open up [Amir opens the Choucair academy page], Amir login [Amir clicks on Button that shows us the form to login, Amir enters '1077462807' into where do we write the user, Amir enters 'Choucair2021*' into where do we write the user]]
[Test worker] WARN net.thucydides.core.steps.BaseStepListener - stepStarted: net.thucydides.core.steps.ExecutedStepDescription@676f19c2
[Test worker] WARN net.thucydides.core.steps.BaseStepListener - stepFinished: current outcome:Search for automation course:Given than Amir wants to learn automation at the academy Choucair
| strUser | strPassword |
| 1077462807 | Choucair2021* | [Amir open up [Amir opens the Choucair academy page], Amir login [Amir clicks on Button that shows us the form to login, Amir enters '1077462807' into where do we write the user, Amir enters 'Choucair2021*' into where do we write the user, Amir clicks on button to confirm login]]
[Test worker] WARN net.thucydides.core.steps.BaseStepListener - stepFinished: current outcome:Search for automation course:Given than Amir wants to learn automation at the academy Choucair
| strUser | strPassword |
| 1077462807 | Choucair2021* | [Amir open up [Amir opens the Choucair academy page], Amir login [Amir clicks on Button that shows us the form to login, Amir enters '1077462807' into where do we write the user, Amir enters 'Choucair2021*' into where do we write the user, Amir clicks on button to confirm login]]
[Test worker] WARN net.thucydides.core.steps.BaseStepListener - stepFinished: current outcome:Search for automation course:Given than Amir wants to learn automation at the academy Choucair
| strUser | strPassword |
| 1077462807 | Choucair2021* | [Amir open up [Amir opens the Choucair academy page], Amir login [Amir clicks on Button that shows us the form to login, Amir enters '1077462807' into where do we write the user, Amir enters 'Choucair2021*' into where do we write the user, Amir clicks on button to confirm login]]
[Test worker] WARN net.thucydides.core.steps.BaseStepListener - stepStarted: net.thucydides.core.steps.ExecutedStepDescription@4c2d76f9
[Test worker] WARN net.thucydides.core.steps.BaseStepListener - stepStarted: net.thucydides.core.steps.ExecutedStepDescription@59adfe2b
[Test worker] WARN net.thucydides.core.steps.BaseStepListener - stepStarted: net.thucydides.core.steps.ExecutedStepDescription@2aedbe07
[Test worker] WARN net.thucydides.core.steps.BaseStepListener - stepFinished: current outcome:Search for automation course:Given than Amir wants to learn automation at the academy Choucair
| strUser | strPassword |
| 1077462807 | Choucair2021* | [Amir open up [Amir opens the Choucair academy page], Amir login [Amir clicks on Button that shows us the form to login, Amir enters '1077462807' into where do we write the user, Amir enters 'Choucair2021*' into where do we write the user, Amir clicks on button to confirm login]], When he search for the course on the choucair academy platfrom
| strCourse |
| Foundation Express | [Amir search [Amir clicks on Selecciona el curso choucair]]
[Test worker] WARN net.thucydides.core.steps.BaseStepListener - stepStarted: net.thucydides.core.steps.ExecutedStepDescription@372d2a10
[Test worker] WARN net.thucydides.core.steps.BaseStepListener - stepFinished: current outcome:Search for automation course:Given than Amir wants to learn automation at the academy Choucair
| strUser | strPassword |
| 1077462807 | Choucair2021* | [Amir open up [Amir opens the Choucair academy page], Amir login [Amir clicks on Button that shows us the form to login, Amir enters '1077462807' into where do we write the user, Amir enters 'Choucair2021*' into where do we write the user, Amir clicks on button to confirm login]], When he search for the course on the choucair academy platfrom
| strCourse |
| Foundation Express | [Amir search [Amir clicks on Selecciona el curso choucair, Amir enters 'Foundation Express' into Buscar curso]]
[Test worker] WARN net.thucydides.core.steps.BaseStepListener - stepStarted: net.thucydides.core.steps.ExecutedStepDescription@5ef84487
[Test worker] WARN net.thucydides.core.steps.BaseStepListener - stepFinished: current outcome:Search for automation course:Given than Amir wants to learn automation at the academy Choucair
| strUser | strPassword |
| 1077462807 | Choucair2021* | [Amir open up [Amir opens the Choucair academy page], Amir login [Amir clicks on Button that shows us the form to login, Amir enters '1077462807' into where do we write the user, Amir enters 'Choucair2021*' into where do we write the user, Amir clicks on button to confirm login]], When he search for the course on the choucair academy platfrom
| strCourse |
| Foundation Express | [Amir search [Amir clicks on Selecciona el curso choucair, Amir enters 'Foundation Express' into Buscar curso, Amir clicks on Da click para buscar el curso]]
[Test worker] WARN net.thucydides.core.steps.BaseStepListener - stepStarted: net.thucydides.core.steps.ExecutedStepDescription@6d7631f4
[Test worker] WARN net.thucydides.core.steps.BaseStepListener - stepFinished: current outcome:Search for automation course:Given than Amir wants to learn automation at the academy Choucair
| strUser | strPassword |
| 1077462807 | Choucair2021* | [Amir open up [Amir opens the Choucair academy page], Amir login [Amir clicks on Button that shows us the form to login, Amir enters '1077462807' into where do we write the user, Amir enters 'Choucair2021*' into where do we write the user, Amir clicks on button to confirm login]], When he search for the course on the choucair academy platfrom
| strCourse |
| Foundation Express | [Amir search [Amir clicks on Selecciona el curso choucair, Amir enters 'Foundation Express' into Buscar curso, Amir clicks on Da click para buscar el curso, Amir clicks on Da click para buscar curso]]
[Test worker] WARN net.thucydides.core.steps.BaseStepListener - stepFinished: current outcome:Search for automation course:Given than Amir wants to learn automation at the academy Choucair
| strUser | strPassword |
| 1077462807 | Choucair2021* | [Amir open up [Amir opens the Choucair academy page], Amir login [Amir clicks on Button that shows us the form to login, Amir enters '1077462807' into where do we write the user, Amir enters 'Choucair2021*' into where do we write the user, Amir clicks on button to confirm login]], When he search for the course on the choucair academy platfrom
| strCourse |
| Foundation Express | [Amir search [Amir clicks on Selecciona el curso choucair, Amir enters 'Foundation Express' into Buscar curso, Amir clicks on Da click para buscar el curso, Amir clicks on Da click para buscar curso]]
[Test worker] WARN net.thucydides.core.steps.BaseStepListener - stepFinished: current outcome:Search for automation course:Given than Amir wants to learn automation at the academy Choucair
| strUser | strPassword |
| 1077462807 | Choucair2021* | [Amir open up [Amir opens the Choucair academy page], Amir login [Amir clicks on Button that shows us the form to login, Amir enters '1077462807' into where do we write the user, Amir enters 'Choucair2021*' into where do we write the user, Amir clicks on button to confirm login]], When he search for the course on the choucair academy platfrom
| strCourse |
| Foundation Express | [Amir search [Amir clicks on Selecciona el curso choucair, Amir enters 'Foundation Express' into Buscar curso, Amir clicks on Da click para buscar el curso, Amir clicks on Da click para buscar curso]]
[Test worker] WARN net.thucydides.core.steps.BaseStepListener - stepStarted: net.thucydides.core.steps.ExecutedStepDescription@4a6665d4
[Test worker] WARN net.thucydides.core.steps.BaseStepListener - stepStarted: net.thucydides.core.steps.ExecutedStepDescription@177ff76
[Test worker] WARN net.thucydides.core.steps.BaseStepListener - stepFinished: current outcome:Search for automation course:Given than Amir wants to learn automation at the academy Choucair
| strUser | strPassword |
| 1077462807 | Choucair2021* | [Amir open up [Amir opens the Choucair academy page], Amir login [Amir clicks on Button that shows us the form to login, Amir enters '1077462807' into where do we write the user, Amir enters 'Choucair2021*' into where do we write the user, Amir clicks on button to confirm login]], When he search for the course on the choucair academy platfrom
| strCourse |
| Foundation Express | [Amir search [Amir clicks on Selecciona el curso choucair, Amir enters 'Foundation Express' into Buscar curso, Amir clicks on Da click para buscar el curso, Amir clicks on Da click para buscar curso]], Then he finds the course called
| strCourse |
| Foundation Express | [Then answer]
[Test worker] WARN net.thucydides.core.steps.BaseStepListener - stepFinished: current outcome:Search for automation course:Given than Amir wants to learn automation at the academy Choucair
| strUser | strPassword |
| 1077462807 | Choucair2021* | [Amir open up [Amir opens the Choucair academy page], Amir login [Amir clicks on Button that shows us the form to login, Amir enters '1077462807' into where do we write the user, Amir enters 'Choucair2021*' into where do we write the user, Amir clicks on button to confirm login]], When he search for the course on the choucair academy platfrom
| strCourse |
| Foundation Express | [Amir search [Amir clicks on Selecciona el curso choucair, Amir enters 'Foundation Express' into Buscar curso, Amir clicks on Da click para buscar el curso, Amir clicks on Da click para buscar curso]], Then he finds the course called
| strCourse |
| Foundation Express | [Then answer]
[Test worker] WARN net.thucydides.core.steps.BaseStepListener - testFinished: Search for automation course:Given than Amir wants to learn automation at the academy Choucair
| strUser | strPassword |
| 1077462807 | Choucair2021* | [Amir open up [Amir opens the Choucair academy page], Amir login [Amir clicks on Button that shows us the form to login, Amir enters '1077462807' into where do we write the user, Amir enters 'Choucair2021*' into where do we write the user, Amir clicks on button to confirm login]], When he search for the course on the choucair academy platfrom
| strCourse |
| Foundation Express | [Amir search [Amir clicks on Selecciona el curso choucair, Amir enters 'Foundation Express' into Buscar curso, Amir clicks on Da click para buscar el curso, Amir clicks on Da click para buscar curso]], Then he finds the course called
| strCourse |
| Foundation Express | [Then answer]
[Test worker] WARN net.thucydides.core.steps.BaseStepListener - TestOutcomes: [Search for automation course:Given than Amir wants to learn automation at the academy Choucair
| strUser | strPassword |
| 1077462807 | Choucair2021* | [Amir open up [Amir opens the Choucair academy page], Amir login [Amir clicks on Button that shows us the form to login, Amir enters '1077462807' into where do we write the user, Amir enters 'Choucair2021*' into where do we write the user, Amir clicks on button to confirm login]], When he search for the course on the choucair academy platfrom
| strCourse |
| Foundation Express | [Amir search [Amir clicks on Selecciona el curso choucair, Amir enters 'Foundation Express' into Buscar curso, Amir clicks on Da click para buscar el curso, Amir clicks on Da click para buscar curso]], Then he finds the course called
| strCourse |
| Foundation Express | [Then answer]]
[Test worker] WARN net.thucydides.core.steps.BaseStepListener - Final testOutcomes: [Search for automation course:Given than Amir wants to learn automation at the academy Choucair
| strUser | strPassword |
| 1077462807 | Choucair2021* | [Amir open up [Amir opens the Choucair academy page], Amir login [Amir clicks on Button that shows us the form to login, Amir enters '1077462807' into where do we write the user, Amir enters 'Choucair2021*' into where do we write the user, Amir clicks on button to confirm login]], When he search for the course on the choucair academy platfrom
| strCourse |
| Foundation Express | [Amir search [Amir clicks on Selecciona el curso choucair, Amir enters 'Foundation Express' into Buscar curso, Amir clicks on Da click para buscar el curso, Amir clicks on Da click para buscar curso]], Then he finds the course called
| strCourse |
| Foundation Express | [Then answer]]
[Test worker] INFO net.thucydides.core.steps.ConsoleLoggingListener - 
        __    _____ _____ ____ _____   ____   _    ____  ____  _____ ____  
  _     \ \  |_   _| ____/ ___|_   _| |  _ \ / \  / ___|/ ___|| ____|  _ \ 
 (_)_____| |   | | |  _| \___ \ | |   | |_) / _ \ \___ \\___ \|  _| | | | |
  _|_____| |   | | | |___ ___) || |   |  __/ ___ \ ___) |___) | |___| |_| |
 (_)     | |   |_| |_____|____/ |_|   |_| /_/   \_\____/|____/|_____|____/ 
        /_/                                                                

TEST PASSED: Search for automation course
----------------------------------------------------------------------------
]]></system-err>
</testsuite>
